c:\ti\msp430_usb_firmware_updater_and_bsl_lib\msp430_usb_firmware_updater\release_full_edition\bsl430_lib.pdb
c:\ti\msp430_usb_firmware_updater_and_bsl_lib\bsl430_lib\release_full_edition\bsl430_lib.obj
c:\ti\msp430_usb_firmware_updater_and_bsl_lib\bsl430_lib\release_full_edition\textfileio.obj
c:\ti\msp430_usb_firmware_updater_and_bsl_lib\bsl430_lib\release_full_edition\crc.obj
c:\ti\msp430_usb_firmware_updater_and_bsl_lib\bsl430_lib\release_full_edition\bsl_usb_protocol_5xx.obj
c:\ti\msp430_usb_firmware_updater_and_bsl_lib\bsl430_lib\release_full_edition\bsl_uart_protocol_rom.obj
c:\ti\msp430_usb_firmware_updater_and_bsl_lib\bsl430_lib\release_full_edition\bsl_uart_protocol_5xx.obj
c:\ti\msp430_usb_firmware_updater_and_bsl_lib\bsl430_lib\release_full_edition\bsl_io_usb.obj
c:\ti\msp430_usb_firmware_updater_and_bsl_lib\bsl430_lib\release_full_edition\bsl_io_uart.obj
c:\ti\msp430_usb_firmware_updater_and_bsl_lib\bsl430_lib\release_full_edition\bsl_commands_rom.obj
c:\ti\msp430_usb_firmware_updater_and_bsl_lib\bsl430_lib\release_full_edition\bsl_commands_5xx.obj
c:\ti\msp430_usb_firmware_updater_and_bsl_lib\bsl430_lib\release_full_edition\hiddevice.obj
c:\ti\msp430_usb_firmware_updater_and_bsl_lib\msp430_usb_firmware_updater\release_full_edition\bsl430.lib
c:\ti\msp430_usb_firmware_updater_and_bsl_lib\bsl430_lib\release_full_edition\bsl430_lib.res
c:\ti\msp430_usb_firmware_updater_and_bsl_lib\bsl430_lib\release_full_edition\bsl430_lib.tlog\cl.command.1.tlog
c:\ti\msp430_usb_firmware_updater_and_bsl_lib\bsl430_lib\release_full_edition\bsl430_lib.tlog\cl.read.1.tlog
c:\ti\msp430_usb_firmware_updater_and_bsl_lib\bsl430_lib\release_full_edition\bsl430_lib.tlog\cl.write.1.tlog
c:\ti\msp430_usb_firmware_updater_and_bsl_lib\bsl430_lib\release_full_edition\bsl430_lib.tlog\lib-link-cvtres.read.1.tlog
c:\ti\msp430_usb_firmware_updater_and_bsl_lib\bsl430_lib\release_full_edition\bsl430_lib.tlog\lib-link-cvtres.write.1.tlog
c:\ti\msp430_usb_firmware_updater_and_bsl_lib\bsl430_lib\release_full_edition\bsl430_lib.tlog\lib.command.1.tlog
c:\ti\msp430_usb_firmware_updater_and_bsl_lib\bsl430_lib\release_full_edition\bsl430_lib.tlog\rc.command.1.tlog
c:\ti\msp430_usb_firmware_updater_and_bsl_lib\bsl430_lib\release_full_edition\bsl430_lib.tlog\rc.read.1.tlog
c:\ti\msp430_usb_firmware_updater_and_bsl_lib\bsl430_lib\release_full_edition\bsl430_lib.tlog\rc.write.1.tlog
