c:\ti\msp430_usb_firmware_updater_and_bsl_lib\bsl430_lib\release\bsl430_lib.pdb
c:\ti\msp430_usb_firmware_updater_and_bsl_lib\bsl430_lib\release\bsl430_lib.idb
c:\ti\msp430_usb_firmware_updater_and_bsl_lib\bsl430_lib\release\bsl430_lib.obj
c:\ti\msp430_usb_firmware_updater_and_bsl_lib\bsl430_lib\release\textfileio.obj
c:\ti\msp430_usb_firmware_updater_and_bsl_lib\bsl430_lib\release\crc32.obj
c:\ti\msp430_usb_firmware_updater_and_bsl_lib\bsl430_lib\release\crc.obj
c:\ti\msp430_usb_firmware_updater_and_bsl_lib\bsl430_lib\release\bsl_usb_protocol_5xx.obj
c:\ti\msp430_usb_firmware_updater_and_bsl_lib\bsl430_lib\release\bsl_uart_protocol_rom.obj
c:\ti\msp430_usb_firmware_updater_and_bsl_lib\bsl430_lib\release\bsl_uart_protocol_5xx.obj
c:\ti\msp430_usb_firmware_updater_and_bsl_lib\bsl430_lib\release\bsl_io_usb.obj
c:\ti\msp430_usb_firmware_updater_and_bsl_lib\bsl430_lib\release\bsl_io_uart.obj
c:\ti\msp430_usb_firmware_updater_and_bsl_lib\bsl430_lib\release\bsl_commands_rom.obj
c:\ti\msp430_usb_firmware_updater_and_bsl_lib\bsl430_lib\release\bsl_commands_5xx.obj
c:\ti\msp430_usb_firmware_updater_and_bsl_lib\bsl430_lib\release\hiddevice.obj
c:\ti\msp430_usb_firmware_updater_and_bsl_lib\msp430_usb_firmware_updater\release\bsl430_lib.lib
c:\ti\msp430_usb_firmware_updater_and_bsl_lib\bsl430_lib\release\bsl430_lib.res
c:\ti\msp430_usb_firmware_updater_and_bsl_lib\bsl430_lib\release\bsl430_lib.tlog\cl.command.1.tlog
c:\ti\msp430_usb_firmware_updater_and_bsl_lib\bsl430_lib\release\bsl430_lib.tlog\cl.read.1.tlog
c:\ti\msp430_usb_firmware_updater_and_bsl_lib\bsl430_lib\release\bsl430_lib.tlog\cl.write.1.tlog
c:\ti\msp430_usb_firmware_updater_and_bsl_lib\bsl430_lib\release\bsl430_lib.tlog\lib-link-cvtres.read.1.tlog
c:\ti\msp430_usb_firmware_updater_and_bsl_lib\bsl430_lib\release\bsl430_lib.tlog\lib-link-cvtres.write.1.tlog
c:\ti\msp430_usb_firmware_updater_and_bsl_lib\bsl430_lib\release\bsl430_lib.tlog\lib.command.1.tlog
c:\ti\msp430_usb_firmware_updater_and_bsl_lib\bsl430_lib\release\bsl430_lib.tlog\rc.command.1.tlog
c:\ti\msp430_usb_firmware_updater_and_bsl_lib\bsl430_lib\release\bsl430_lib.tlog\rc.read.1.tlog
c:\ti\msp430_usb_firmware_updater_and_bsl_lib\bsl430_lib\release\bsl430_lib.tlog\rc.write.1.tlog
